2020-01-16 18:33:37.504  INFO 8708 --- [main] com.springboot.demo.DemoApplication      : Starting DemoApplication on LAPTOP-IGH51578 with PID 8708 (started by zht in D:\项目\zhtblog\zhtblog-backend)
2020-01-16 18:33:37.511  INFO 8708 --- [main] com.springboot.demo.DemoApplication      : No active profile set, falling back to default profiles: default
2020-01-16 18:33:39.136  INFO 8708 --- [main] .s.d.r.c.RepositoryConfigurationDelegate : Multiple Spring Data modules found, entering strict repository configuration mode!
2020-01-16 18:33:39.143  INFO 8708 --- [main] .s.d.r.c.RepositoryConfigurationDelegate : Bootstrapping Spring Data repositories in DEFAULT mode.
2020-01-16 18:33:39.224  INFO 8708 --- [main] .s.d.r.c.RepositoryConfigurationDelegate : Finished Spring Data repository scanning in 39ms. Found 0 repository interfaces.
2020-01-16 18:33:39.916  INFO 8708 --- [main] trationDelegate$BeanPostProcessorChecker : Bean 'org.springframework.transaction.annotation.ProxyTransactionManagementConfiguration' of type [org.springframework.transaction.annotation.ProxyTransactionManagementConfiguration$$EnhancerBySpringCGLIB$$91f6916c] is not eligible for getting processed by all BeanPostProcessors (for example: not eligible for auto-proxying)
2020-01-16 18:33:39.969  INFO 8708 --- [main] trationDelegate$BeanPostProcessorChecker : Bean 'redisConfig' of type [com.springboot.RedisTemlateUtil.RedisConfig$$EnhancerBySpringCGLIB$$f23ac94b] is not eligible for getting processed by all BeanPostProcessors (for example: not eligible for auto-proxying)
2020-01-16 18:33:40.341  INFO 8708 --- [main] o.s.b.w.embedded.tomcat.TomcatWebServer  : Tomcat initialized with port(s): 8081 (http)
2020-01-16 18:33:40.368  INFO 8708 --- [main] o.apache.catalina.core.StandardService   : Starting service [Tomcat]
2020-01-16 18:33:40.368  INFO 8708 --- [main] org.apache.catalina.core.StandardEngine  : Starting Servlet engine: [Apache Tomcat/9.0.21]
2020-01-16 18:33:40.504  INFO 8708 --- [main] o.a.c.c.C.[Tomcat].[localhost].[/]       : Initializing Spring embedded WebApplicationContext
2020-01-16 18:33:40.505  INFO 8708 --- [main] o.s.web.context.ContextLoader            : Root WebApplicationContext: initialization completed in 2923 ms
2020-01-16 18:33:44.117  INFO 8708 --- [main] o.s.s.concurrent.ThreadPoolTaskExecutor  : Initializing ExecutorService 'applicationTaskExecutor'
2020-01-16 18:33:44.539  INFO 8708 --- [main] o.s.b.w.embedded.tomcat.TomcatWebServer  : Tomcat started on port(s): 8081 (http) with context path ''
2020-01-16 18:33:44.541  INFO 8708 --- [main] com.springboot.demo.DemoApplication      : Started DemoApplication in 7.83 seconds (JVM running for 10.549)
2020-01-16 18:34:17.590  INFO 8708 --- [http-nio-8081-exec-1] o.a.c.c.C.[Tomcat].[localhost].[/]       : Initializing Spring DispatcherServlet 'dispatcherServlet'
2020-01-16 18:34:17.591  INFO 8708 --- [http-nio-8081-exec-1] o.s.web.servlet.DispatcherServlet        : Initializing Servlet 'dispatcherServlet'
2020-01-16 18:34:17.607  INFO 8708 --- [http-nio-8081-exec-1] o.s.web.servlet.DispatcherServlet        : Completed initialization in 16 ms
2020-01-16 18:34:17.932  INFO 8708 --- [http-nio-8081-exec-1] io.lettuce.core.EpollProvider            : Starting without optional epoll library
2020-01-16 18:34:17.935  INFO 8708 --- [http-nio-8081-exec-1] io.lettuce.core.KqueueProvider           : Starting without optional kqueue library
2020-01-16 18:38:33.151  INFO 24956 --- [main] com.springboot.demo.DemoApplication      : Starting DemoApplication on LAPTOP-IGH51578 with PID 24956 (started by zht in D:\项目\zhtblog\zhtblog-backend)
2020-01-16 18:38:33.165  INFO 24956 --- [main] com.springboot.demo.DemoApplication      : No active profile set, falling back to default profiles: default
2020-01-16 18:38:34.257  INFO 24956 --- [main] .s.d.r.c.RepositoryConfigurationDelegate : Multiple Spring Data modules found, entering strict repository configuration mode!
2020-01-16 18:38:34.259  INFO 24956 --- [main] .s.d.r.c.RepositoryConfigurationDelegate : Bootstrapping Spring Data repositories in DEFAULT mode.
2020-01-16 18:38:34.280  INFO 24956 --- [main] .s.d.r.c.RepositoryConfigurationDelegate : Finished Spring Data repository scanning in 11ms. Found 0 repository interfaces.
2020-01-16 18:38:34.584  INFO 24956 --- [main] trationDelegate$BeanPostProcessorChecker : Bean 'org.springframework.transaction.annotation.ProxyTransactionManagementConfiguration' of type [org.springframework.transaction.annotation.ProxyTransactionManagementConfiguration$$EnhancerBySpringCGLIB$$36c16912] is not eligible for getting processed by all BeanPostProcessors (for example: not eligible for auto-proxying)
2020-01-16 18:38:34.603  INFO 24956 --- [main] trationDelegate$BeanPostProcessorChecker : Bean 'redisConfig' of type [com.springboot.RedisTemlateUtil.RedisConfig$$EnhancerBySpringCGLIB$$9705a0f1] is not eligible for getting processed by all BeanPostProcessors (for example: not eligible for auto-proxying)
2020-01-16 18:38:34.822  INFO 24956 --- [main] o.s.b.w.embedded.tomcat.TomcatWebServer  : Tomcat initialized with port(s): 8081 (http)
2020-01-16 18:38:34.843  INFO 24956 --- [main] o.apache.catalina.core.StandardService   : Starting service [Tomcat]
2020-01-16 18:38:34.843  INFO 24956 --- [main] org.apache.catalina.core.StandardEngine  : Starting Servlet engine: [Apache Tomcat/9.0.21]
2020-01-16 18:38:34.992  INFO 24956 --- [main] o.a.c.c.C.[Tomcat].[localhost].[/]       : Initializing Spring embedded WebApplicationContext
2020-01-16 18:38:34.992  INFO 24956 --- [main] o.s.web.context.ContextLoader            : Root WebApplicationContext: initialization completed in 1649 ms
2020-01-16 18:38:36.966  INFO 24956 --- [main] o.s.s.concurrent.ThreadPoolTaskExecutor  : Initializing ExecutorService 'applicationTaskExecutor'
2020-01-16 18:38:37.230  INFO 24956 --- [main] o.s.b.w.embedded.tomcat.TomcatWebServer  : Tomcat started on port(s): 8081 (http) with context path ''
2020-01-16 18:38:37.232  INFO 24956 --- [main] com.springboot.demo.DemoApplication      : Started DemoApplication in 5.29 seconds (JVM running for 6.811)
2020-01-16 18:38:40.537  INFO 24956 --- [http-nio-8081-exec-1] o.a.c.c.C.[Tomcat].[localhost].[/]       : Initializing Spring DispatcherServlet 'dispatcherServlet'
2020-01-16 18:38:40.538  INFO 24956 --- [http-nio-8081-exec-1] o.s.web.servlet.DispatcherServlet        : Initializing Servlet 'dispatcherServlet'
2020-01-16 18:38:40.907  INFO 24956 --- [http-nio-8081-exec-1] o.s.web.servlet.DispatcherServlet        : Completed initialization in 369 ms
2020-01-16 18:38:41.925  INFO 24956 --- [http-nio-8081-exec-1] io.lettuce.core.EpollProvider            : Starting without optional epoll library
2020-01-16 18:38:41.933  INFO 24956 --- [http-nio-8081-exec-1] io.lettuce.core.KqueueProvider           : Starting without optional kqueue library
2020-01-16 18:38:45.324  INFO 24956 --- [http-nio-8081-exec-1] com.zaxxer.hikari.HikariDataSource       : HikariPool-1 - Starting...
2020-01-16 18:38:45.859  INFO 24956 --- [http-nio-8081-exec-1] com.zaxxer.hikari.HikariDataSource       : HikariPool-1 - Start completed.
2020-01-16 18:41:57.647  INFO 19692 --- [main] com.springboot.demo.DemoApplication      : Starting DemoApplication on LAPTOP-IGH51578 with PID 19692 (started by zht in D:\项目\zhtblog\zhtblog-backend)
2020-01-16 18:41:57.649  INFO 19692 --- [main] com.springboot.demo.DemoApplication      : No active profile set, falling back to default profiles: default
2020-01-16 18:41:59.185  INFO 19692 --- [main] .s.d.r.c.RepositoryConfigurationDelegate : Multiple Spring Data modules found, entering strict repository configuration mode!
2020-01-16 18:41:59.188  INFO 19692 --- [main] .s.d.r.c.RepositoryConfigurationDelegate : Bootstrapping Spring Data repositories in DEFAULT mode.
2020-01-16 18:41:59.234  INFO 19692 --- [main] .s.d.r.c.RepositoryConfigurationDelegate : Finished Spring Data repository scanning in 23ms. Found 0 repository interfaces.
2020-01-16 18:41:59.766  INFO 19692 --- [main] trationDelegate$BeanPostProcessorChecker : Bean 'org.springframework.transaction.annotation.ProxyTransactionManagementConfiguration' of type [org.springframework.transaction.annotation.ProxyTransactionManagementConfiguration$$EnhancerBySpringCGLIB$$81c0fb82] is not eligible for getting processed by all BeanPostProcessors (for example: not eligible for auto-proxying)
2020-01-16 18:41:59.794  INFO 19692 --- [main] trationDelegate$BeanPostProcessorChecker : Bean 'redisConfig' of type [com.springboot.RedisTemlateUtil.RedisConfig$$EnhancerBySpringCGLIB$$e2053361] is not eligible for getting processed by all BeanPostProcessors (for example: not eligible for auto-proxying)
2020-01-16 18:42:00.009  INFO 19692 --- [main] o.s.b.w.embedded.tomcat.TomcatWebServer  : Tomcat initialized with port(s): 8081 (http)
2020-01-16 18:42:00.030  INFO 19692 --- [main] o.apache.catalina.core.StandardService   : Starting service [Tomcat]
2020-01-16 18:42:00.030  INFO 19692 --- [main] org.apache.catalina.core.StandardEngine  : Starting Servlet engine: [Apache Tomcat/9.0.21]
2020-01-16 18:42:00.161  INFO 19692 --- [main] o.a.c.c.C.[Tomcat].[localhost].[/]       : Initializing Spring embedded WebApplicationContext
2020-01-16 18:42:00.162  INFO 19692 --- [main] o.s.web.context.ContextLoader            : Root WebApplicationContext: initialization completed in 2456 ms
2020-01-16 18:42:02.319  INFO 19692 --- [main] o.s.s.concurrent.ThreadPoolTaskExecutor  : Initializing ExecutorService 'applicationTaskExecutor'
2020-01-16 18:42:02.577  INFO 19692 --- [main] o.s.b.w.embedded.tomcat.TomcatWebServer  : Tomcat started on port(s): 8081 (http) with context path ''
2020-01-16 18:42:02.579  INFO 19692 --- [main] com.springboot.demo.DemoApplication      : Started DemoApplication in 5.496 seconds (JVM running for 7.999)
2020-01-16 18:43:09.082  INFO 6420 --- [main] com.springboot.demo.DemoApplication      : Starting DemoApplication on LAPTOP-IGH51578 with PID 6420 (started by zht in D:\项目\zhtblog\zhtblog-backend)
2020-01-16 18:43:09.085  INFO 6420 --- [main] com.springboot.demo.DemoApplication      : No active profile set, falling back to default profiles: default
2020-01-16 18:43:09.749  INFO 6420 --- [main] .s.d.r.c.RepositoryConfigurationDelegate : Multiple Spring Data modules found, entering strict repository configuration mode!
2020-01-16 18:43:09.751  INFO 6420 --- [main] .s.d.r.c.RepositoryConfigurationDelegate : Bootstrapping Spring Data repositories in DEFAULT mode.
2020-01-16 18:43:09.772  INFO 6420 --- [main] .s.d.r.c.RepositoryConfigurationDelegate : Finished Spring Data repository scanning in 10ms. Found 0 repository interfaces.
2020-01-16 18:43:10.106  INFO 6420 --- [main] trationDelegate$BeanPostProcessorChecker : Bean 'org.springframework.transaction.annotation.ProxyTransactionManagementConfiguration' of type [org.springframework.transaction.annotation.ProxyTransactionManagementConfiguration$$EnhancerBySpringCGLIB$$d9836b60] is not eligible for getting processed by all BeanPostProcessors (for example: not eligible for auto-proxying)
2020-01-16 18:43:10.152  INFO 6420 --- [main] trationDelegate$BeanPostProcessorChecker : Bean 'redisConfig' of type [com.springboot.RedisTemlateUtil.RedisConfig$$EnhancerBySpringCGLIB$$39c7a33f] is not eligible for getting processed by all BeanPostProcessors (for example: not eligible for auto-proxying)
2020-01-16 18:43:10.604  INFO 6420 --- [main] o.s.b.w.embedded.tomcat.TomcatWebServer  : Tomcat initialized with port(s): 8081 (http)
2020-01-16 18:43:10.645  INFO 6420 --- [main] o.apache.catalina.core.StandardService   : Starting service [Tomcat]
2020-01-16 18:43:10.645  INFO 6420 --- [main] org.apache.catalina.core.StandardEngine  : Starting Servlet engine: [Apache Tomcat/9.0.21]
2020-01-16 18:43:10.966  INFO 6420 --- [main] o.a.c.c.C.[Tomcat].[localhost].[/]       : Initializing Spring embedded WebApplicationContext
2020-01-16 18:43:10.966  INFO 6420 --- [main] o.s.web.context.ContextLoader            : Root WebApplicationContext: initialization completed in 1832 ms
2020-01-16 18:43:13.678  INFO 6420 --- [main] o.s.s.concurrent.ThreadPoolTaskExecutor  : Initializing ExecutorService 'applicationTaskExecutor'
2020-01-16 18:43:13.918  INFO 6420 --- [main] o.s.b.w.embedded.tomcat.TomcatWebServer  : Tomcat started on port(s): 8081 (http) with context path ''
2020-01-16 18:43:13.920  INFO 6420 --- [main] com.springboot.demo.DemoApplication      : Started DemoApplication in 5.199 seconds (JVM running for 6.816)
2020-01-16 18:43:34.552  INFO 6420 --- [http-nio-8081-exec-1] o.a.c.c.C.[Tomcat].[localhost].[/]       : Initializing Spring DispatcherServlet 'dispatcherServlet'
2020-01-16 18:43:34.552  INFO 6420 --- [http-nio-8081-exec-1] o.s.web.servlet.DispatcherServlet        : Initializing Servlet 'dispatcherServlet'
2020-01-16 18:43:34.562  INFO 6420 --- [http-nio-8081-exec-1] o.s.web.servlet.DispatcherServlet        : Completed initialization in 9 ms
2020-01-16 18:43:35.037  INFO 6420 --- [http-nio-8081-exec-1] io.lettuce.core.EpollProvider            : Starting without optional epoll library
2020-01-16 18:43:35.038  INFO 6420 --- [http-nio-8081-exec-1] io.lettuce.core.KqueueProvider           : Starting without optional kqueue library
2020-01-16 18:43:36.582  INFO 6420 --- [http-nio-8081-exec-1] com.zaxxer.hikari.HikariDataSource       : HikariPool-1 - Starting...
2020-01-16 18:43:37.042  INFO 6420 --- [http-nio-8081-exec-1] com.zaxxer.hikari.HikariDataSource       : HikariPool-1 - Start completed.
2020-01-16 18:48:07.056  INFO 24088 --- [main] com.springboot.demo.DemoApplication      : Starting DemoApplication on LAPTOP-IGH51578 with PID 24088 (started by zht in D:\项目\zhtblog\zhtblog-backend)
2020-01-16 18:48:07.066  INFO 24088 --- [main] com.springboot.demo.DemoApplication      : No active profile set, falling back to default profiles: default
2020-01-16 18:48:08.454  INFO 24088 --- [main] .s.d.r.c.RepositoryConfigurationDelegate : Multiple Spring Data modules found, entering strict repository configuration mode!
2020-01-16 18:48:08.456  INFO 24088 --- [main] .s.d.r.c.RepositoryConfigurationDelegate : Bootstrapping Spring Data repositories in DEFAULT mode.
2020-01-16 18:48:08.478  INFO 24088 --- [main] .s.d.r.c.RepositoryConfigurationDelegate : Finished Spring Data repository scanning in 12ms. Found 0 repository interfaces.
2020-01-16 18:48:08.737  INFO 24088 --- [main] trationDelegate$BeanPostProcessorChecker : Bean 'org.springframework.transaction.annotation.ProxyTransactionManagementConfiguration' of type [org.springframework.transaction.annotation.ProxyTransactionManagementConfiguration$$EnhancerBySpringCGLIB$$b7058d30] is not eligible for getting processed by all BeanPostProcessors (for example: not eligible for auto-proxying)
2020-01-16 18:48:08.764  INFO 24088 --- [main] trationDelegate$BeanPostProcessorChecker : Bean 'redisConfig' of type [com.springboot.RedisTemlateUtil.RedisConfig$$EnhancerBySpringCGLIB$$1749c50f] is not eligible for getting processed by all BeanPostProcessors (for example: not eligible for auto-proxying)
2020-01-16 18:48:08.976  INFO 24088 --- [main] o.s.b.w.embedded.tomcat.TomcatWebServer  : Tomcat initialized with port(s): 8081 (http)
2020-01-16 18:48:08.994  INFO 24088 --- [main] o.apache.catalina.core.StandardService   : Starting service [Tomcat]
2020-01-16 18:48:08.994  INFO 24088 --- [main] org.apache.catalina.core.StandardEngine  : Starting Servlet engine: [Apache Tomcat/9.0.21]
2020-01-16 18:48:09.124  INFO 24088 --- [main] o.a.c.c.C.[Tomcat].[localhost].[/]       : Initializing Spring embedded WebApplicationContext
2020-01-16 18:48:09.124  INFO 24088 --- [main] o.s.web.context.ContextLoader            : Root WebApplicationContext: initialization completed in 1923 ms
2020-01-16 18:48:11.266  INFO 24088 --- [main] o.s.s.concurrent.ThreadPoolTaskExecutor  : Initializing ExecutorService 'applicationTaskExecutor'
2020-01-16 18:48:11.546  INFO 24088 --- [main] o.s.b.w.embedded.tomcat.TomcatWebServer  : Tomcat started on port(s): 8081 (http) with context path ''
2020-01-16 18:48:11.548  INFO 24088 --- [main] com.springboot.demo.DemoApplication      : Started DemoApplication in 5.27 seconds (JVM running for 6.922)
2020-01-16 18:48:31.509  INFO 24088 --- [http-nio-8081-exec-1] o.a.c.c.C.[Tomcat].[localhost].[/]       : Initializing Spring DispatcherServlet 'dispatcherServlet'
2020-01-16 18:48:31.510  INFO 24088 --- [http-nio-8081-exec-1] o.s.web.servlet.DispatcherServlet        : Initializing Servlet 'dispatcherServlet'
2020-01-16 18:48:31.524  INFO 24088 --- [http-nio-8081-exec-1] o.s.web.servlet.DispatcherServlet        : Completed initialization in 12 ms
2020-01-16 18:48:31.641  INFO 24088 --- [http-nio-8081-exec-1] io.lettuce.core.EpollProvider            : Starting without optional epoll library
2020-01-16 18:48:31.643  INFO 24088 --- [http-nio-8081-exec-1] io.lettuce.core.KqueueProvider           : Starting without optional kqueue library
2020-01-16 18:48:33.217  INFO 24088 --- [http-nio-8081-exec-1] com.zaxxer.hikari.HikariDataSource       : HikariPool-1 - Starting...
2020-01-16 18:48:33.710  INFO 24088 --- [http-nio-8081-exec-1] com.zaxxer.hikari.HikariDataSource       : HikariPool-1 - Start completed.
2020-01-16 18:48:33.921 ERROR 24088 --- [http-nio-8081-exec-1] o.a.c.c.C.[.[.[/].[dispatcherServlet]    : Servlet.service() for servlet [dispatcherServlet] in context with path [] threw exception [Request processing failed; nested exception is java.lang.NullPointerException] with root cause

java.lang.NullPointerException: null
	at com.springboot.Service.ArticlsService.getTimeAxis(ArticlsService.java:243) ~[classes/:na]
	at com.springboot.controller.frontend.ActicleController.getTimeAxis(ActicleController.java:40) ~[classes/:na]
	at sun.reflect.NativeMethodAccessorImpl.invoke0(Native Method) ~[na:1.8.0_101]
	at sun.reflect.NativeMethodAccessorImpl.invoke(NativeMethodAccessorImpl.java:62) ~[na:1.8.0_101]
	at sun.reflect.DelegatingMethodAccessorImpl.invoke(DelegatingMethodAccessorImpl.java:43) ~[na:1.8.0_101]
	at java.lang.reflect.Method.invoke(Method.java:498) ~[na:1.8.0_101]
	at org.springframework.web.method.support.InvocableHandlerMethod.doInvoke(InvocableHandlerMethod.java:190) ~[spring-web-5.1.8.RELEASE.jar:5.1.8.RELEASE]
	at org.springframework.web.method.support.InvocableHandlerMethod.invokeForRequest(InvocableHandlerMethod.java:138) ~[spring-web-5.1.8.RELEASE.jar:5.1.8.RELEASE]
	at org.springframework.web.servlet.mvc.method.annotation.ServletInvocableHandlerMethod.invokeAndHandle(ServletInvocableHandlerMethod.java:104) ~[spring-webmvc-5.1.8.RELEASE.jar:5.1.8.RELEASE]
	at org.springframework.web.servlet.mvc.method.annotation.RequestMappingHandlerAdapter.invokeHandlerMethod(RequestMappingHandlerAdapter.java:892) ~[spring-webmvc-5.1.8.RELEASE.jar:5.1.8.RELEASE]
	at org.springframework.web.servlet.mvc.method.annotation.RequestMappingHandlerAdapter.handleInternal(RequestMappingHandlerAdapter.java:797) ~[spring-webmvc-5.1.8.RELEASE.jar:5.1.8.RELEASE]
	at org.springframework.web.servlet.mvc.method.AbstractHandlerMethodAdapter.handle(AbstractHandlerMethodAdapter.java:87) ~[spring-webmvc-5.1.8.RELEASE.jar:5.1.8.RELEASE]
	at org.springframework.web.servlet.DispatcherServlet.doDispatch(DispatcherServlet.java:1039) ~[spring-webmvc-5.1.8.RELEASE.jar:5.1.8.RELEASE]
	at org.springframework.web.servlet.DispatcherServlet.doService(DispatcherServlet.java:942) ~[spring-webmvc-5.1.8.RELEASE.jar:5.1.8.RELEASE]
	at org.springframework.web.servlet.FrameworkServlet.processRequest(FrameworkServlet.java:1005) ~[spring-webmvc-5.1.8.RELEASE.jar:5.1.8.RELEASE]
	at org.springframework.web.servlet.FrameworkServlet.doGet(FrameworkServlet.java:897) ~[spring-webmvc-5.1.8.RELEASE.jar:5.1.8.RELEASE]
	at javax.servlet.http.HttpServlet.service(HttpServlet.java:634) ~[tomcat-embed-core-9.0.21.jar:9.0.21]
	at org.springframework.web.servlet.FrameworkServlet.service(FrameworkServlet.java:882) ~[spring-webmvc-5.1.8.RELEASE.jar:5.1.8.RELEASE]
	at javax.servlet.http.HttpServlet.service(HttpServlet.java:741) ~[tomcat-embed-core-9.0.21.jar:9.0.21]
	at org.apache.catalina.core.ApplicationFilterChain.internalDoFilter(ApplicationFilterChain.java:231) ~[tomcat-embed-core-9.0.21.jar:9.0.21]
	at org.apache.catalina.core.ApplicationFilterChain.doFilter(ApplicationFilterChain.java:166) ~[tomcat-embed-core-9.0.21.jar:9.0.21]
	at org.apache.tomcat.websocket.server.WsFilter.doFilter(WsFilter.java:53) ~[tomcat-embed-websocket-9.0.21.jar:9.0.21]
	at org.apache.catalina.core.ApplicationFilterChain.internalDoFilter(ApplicationFilterChain.java:193) ~[tomcat-embed-core-9.0.21.jar:9.0.21]
	at org.apache.catalina.core.ApplicationFilterChain.doFilter(ApplicationFilterChain.java:166) ~[tomcat-embed-core-9.0.21.jar:9.0.21]
	at org.springframework.web.filter.RequestContextFilter.doFilterInternal(RequestContextFilter.java:99) ~[spring-web-5.1.8.RELEASE.jar:5.1.8.RELEASE]
	at org.springframework.web.filter.OncePerRequestFilter.doFilter(OncePerRequestFilter.java:109) ~[spring-web-5.1.8.RELEASE.jar:5.1.8.RELEASE]
	at org.apache.catalina.core.ApplicationFilterChain.internalDoFilter(ApplicationFilterChain.java:193) ~[tomcat-embed-core-9.0.21.jar:9.0.21]
	at org.apache.catalina.core.ApplicationFilterChain.doFilter(ApplicationFilterChain.java:166) ~[tomcat-embed-core-9.0.21.jar:9.0.21]
	at org.springframework.web.filter.FormContentFilter.doFilterInternal(FormContentFilter.java:92) ~[spring-web-5.1.8.RELEASE.jar:5.1.8.RELEASE]
	at org.springframework.web.filter.OncePerRequestFilter.doFilter(OncePerRequestFilter.java:109) ~[spring-web-5.1.8.RELEASE.jar:5.1.8.RELEASE]
	at org.apache.catalina.core.ApplicationFilterChain.internalDoFilter(ApplicationFilterChain.java:193) ~[tomcat-embed-core-9.0.21.jar:9.0.21]
	at org.apache.catalina.core.ApplicationFilterChain.doFilter(ApplicationFilterChain.java:166) ~[tomcat-embed-core-9.0.21.jar:9.0.21]
	at org.springframework.web.filter.HiddenHttpMethodFilter.doFilterInternal(HiddenHttpMethodFilter.java:93) ~[spring-web-5.1.8.RELEASE.jar:5.1.8.RELEASE]
	at org.springframework.web.filter.OncePerRequestFilter.doFilter(OncePerRequestFilter.java:109) ~[spring-web-5.1.8.RELEASE.jar:5.1.8.RELEASE]
	at org.apache.catalina.core.ApplicationFilterChain.internalDoFilter(ApplicationFilterChain.java:193) ~[tomcat-embed-core-9.0.21.jar:9.0.21]
	at org.apache.catalina.core.ApplicationFilterChain.doFilter(ApplicationFilterChain.java:166) ~[tomcat-embed-core-9.0.21.jar:9.0.21]
	at org.springframework.web.filter.CharacterEncodingFilter.doFilterInternal(CharacterEncodingFilter.java:200) ~[spring-web-5.1.8.RELEASE.jar:5.1.8.RELEASE]
	at org.springframework.web.filter.OncePerRequestFilter.doFilter(OncePerRequestFilter.java:109) ~[spring-web-5.1.8.RELEASE.jar:5.1.8.RELEASE]
	at org.apache.catalina.core.ApplicationFilterChain.internalDoFilter(ApplicationFilterChain.java:193) ~[tomcat-embed-core-9.0.21.jar:9.0.21]
	at org.apache.catalina.core.ApplicationFilterChain.doFilter(ApplicationFilterChain.java:166) ~[tomcat-embed-core-9.0.21.jar:9.0.21]
	at org.apache.catalina.core.StandardWrapperValve.invoke(StandardWrapperValve.java:202) ~[tomcat-embed-core-9.0.21.jar:9.0.21]
	at org.apache.catalina.core.StandardContextValve.invoke(StandardContextValve.java:96) [tomcat-embed-core-9.0.21.jar:9.0.21]
	at org.apache.catalina.authenticator.AuthenticatorBase.invoke(AuthenticatorBase.java:490) [tomcat-embed-core-9.0.21.jar:9.0.21]
	at org.apache.catalina.core.StandardHostValve.invoke(StandardHostValve.java:139) [tomcat-embed-core-9.0.21.jar:9.0.21]
	at org.apache.catalina.valves.ErrorReportValve.invoke(ErrorReportValve.java:92) [tomcat-embed-core-9.0.21.jar:9.0.21]
	at org.apache.catalina.core.StandardEngineValve.invoke(StandardEngineValve.java:74) [tomcat-embed-core-9.0.21.jar:9.0.21]
	at org.apache.catalina.connector.CoyoteAdapter.service(CoyoteAdapter.java:343) [tomcat-embed-core-9.0.21.jar:9.0.21]
	at org.apache.coyote.http11.Http11Processor.service(Http11Processor.java:408) [tomcat-embed-core-9.0.21.jar:9.0.21]
	at org.apache.coyote.AbstractProcessorLight.process(AbstractProcessorLight.java:66) [tomcat-embed-core-9.0.21.jar:9.0.21]
	at org.apache.coyote.AbstractProtocol$ConnectionHandler.process(AbstractProtocol.java:853) [tomcat-embed-core-9.0.21.jar:9.0.21]
	at org.apache.tomcat.util.net.NioEndpoint$SocketProcessor.doRun(NioEndpoint.java:1587) [tomcat-embed-core-9.0.21.jar:9.0.21]
	at org.apache.tomcat.util.net.SocketProcessorBase.run(SocketProcessorBase.java:49) [tomcat-embed-core-9.0.21.jar:9.0.21]
	at java.util.concurrent.ThreadPoolExecutor.runWorker(ThreadPoolExecutor.java:1142) [na:1.8.0_101]
	at java.util.concurrent.ThreadPoolExecutor$Worker.run(ThreadPoolExecutor.java:617) [na:1.8.0_101]
	at org.apache.tomcat.util.threads.TaskThread$WrappingRunnable.run(TaskThread.java:61) [tomcat-embed-core-9.0.21.jar:9.0.21]
	at java.lang.Thread.run(Thread.java:745) [na:1.8.0_101]

2020-01-16 18:50:25.187 ERROR 24088 --- [http-nio-8081-exec-2] o.a.c.c.C.[.[.[/].[dispatcherServlet]    : Servlet.service() for servlet [dispatcherServlet] in context with path [] threw exception [Request processing failed; nested exception is java.lang.NullPointerException] with root cause

java.lang.NullPointerException: null
	at com.springboot.Service.ArticlsService.getTimeAxis(ArticlsService.java:243) ~[classes/:na]
	at com.springboot.controller.frontend.ActicleController.getTimeAxis(ActicleController.java:40) ~[classes/:na]
	at sun.reflect.NativeMethodAccessorImpl.invoke0(Native Method) ~[na:1.8.0_101]
	at sun.reflect.NativeMethodAccessorImpl.invoke(NativeMethodAccessorImpl.java:62) ~[na:1.8.0_101]
	at sun.reflect.DelegatingMethodAccessorImpl.invoke(DelegatingMethodAccessorImpl.java:43) ~[na:1.8.0_101]
	at java.lang.reflect.Method.invoke(Method.java:498) ~[na:1.8.0_101]
	at org.springframework.web.method.support.InvocableHandlerMethod.doInvoke(InvocableHandlerMethod.java:190) ~[spring-web-5.1.8.RELEASE.jar:5.1.8.RELEASE]
	at org.springframework.web.method.support.InvocableHandlerMethod.invokeForRequest(InvocableHandlerMethod.java:138) ~[spring-web-5.1.8.RELEASE.jar:5.1.8.RELEASE]
	at org.springframework.web.servlet.mvc.method.annotation.ServletInvocableHandlerMethod.invokeAndHandle(ServletInvocableHandlerMethod.java:104) ~[spring-webmvc-5.1.8.RELEASE.jar:5.1.8.RELEASE]
	at org.springframework.web.servlet.mvc.method.annotation.RequestMappingHandlerAdapter.invokeHandlerMethod(RequestMappingHandlerAdapter.java:892) ~[spring-webmvc-5.1.8.RELEASE.jar:5.1.8.RELEASE]
	at org.springframework.web.servlet.mvc.method.annotation.RequestMappingHandlerAdapter.handleInternal(RequestMappingHandlerAdapter.java:797) ~[spring-webmvc-5.1.8.RELEASE.jar:5.1.8.RELEASE]
	at org.springframework.web.servlet.mvc.method.AbstractHandlerMethodAdapter.handle(AbstractHandlerMethodAdapter.java:87) ~[spring-webmvc-5.1.8.RELEASE.jar:5.1.8.RELEASE]
	at org.springframework.web.servlet.DispatcherServlet.doDispatch(DispatcherServlet.java:1039) ~[spring-webmvc-5.1.8.RELEASE.jar:5.1.8.RELEASE]
	at org.springframework.web.servlet.DispatcherServlet.doService(DispatcherServlet.java:942) ~[spring-webmvc-5.1.8.RELEASE.jar:5.1.8.RELEASE]
	at org.springframework.web.servlet.FrameworkServlet.processRequest(FrameworkServlet.java:1005) ~[spring-webmvc-5.1.8.RELEASE.jar:5.1.8.RELEASE]
	at org.springframework.web.servlet.FrameworkServlet.doGet(FrameworkServlet.java:897) ~[spring-webmvc-5.1.8.RELEASE.jar:5.1.8.RELEASE]
	at javax.servlet.http.HttpServlet.service(HttpServlet.java:634) ~[tomcat-embed-core-9.0.21.jar:9.0.21]
	at org.springframework.web.servlet.FrameworkServlet.service(FrameworkServlet.java:882) ~[spring-webmvc-5.1.8.RELEASE.jar:5.1.8.RELEASE]
	at javax.servlet.http.HttpServlet.service(HttpServlet.java:741) ~[tomcat-embed-core-9.0.21.jar:9.0.21]
	at org.apache.catalina.core.ApplicationFilterChain.internalDoFilter(ApplicationFilterChain.java:231) ~[tomcat-embed-core-9.0.21.jar:9.0.21]
	at org.apache.catalina.core.ApplicationFilterChain.doFilter(ApplicationFilterChain.java:166) ~[tomcat-embed-core-9.0.21.jar:9.0.21]
	at org.apache.tomcat.websocket.server.WsFilter.doFilter(WsFilter.java:53) ~[tomcat-embed-websocket-9.0.21.jar:9.0.21]
	at org.apache.catalina.core.ApplicationFilterChain.internalDoFilter(ApplicationFilterChain.java:193) ~[tomcat-embed-core-9.0.21.jar:9.0.21]
	at org.apache.catalina.core.ApplicationFilterChain.doFilter(ApplicationFilterChain.java:166) ~[tomcat-embed-core-9.0.21.jar:9.0.21]
	at org.springframework.web.filter.RequestContextFilter.doFilterInternal(RequestContextFilter.java:99) ~[spring-web-5.1.8.RELEASE.jar:5.1.8.RELEASE]
	at org.springframework.web.filter.OncePerRequestFilter.doFilter(OncePerRequestFilter.java:109) ~[spring-web-5.1.8.RELEASE.jar:5.1.8.RELEASE]
	at org.apache.catalina.core.ApplicationFilterChain.internalDoFilter(ApplicationFilterChain.java:193) ~[tomcat-embed-core-9.0.21.jar:9.0.21]
	at org.apache.catalina.core.ApplicationFilterChain.doFilter(ApplicationFilterChain.java:166) ~[tomcat-embed-core-9.0.21.jar:9.0.21]
	at org.springframework.web.filter.FormContentFilter.doFilterInternal(FormContentFilter.java:92) ~[spring-web-5.1.8.RELEASE.jar:5.1.8.RELEASE]
	at org.springframework.web.filter.OncePerRequestFilter.doFilter(OncePerRequestFilter.java:109) ~[spring-web-5.1.8.RELEASE.jar:5.1.8.RELEASE]
	at org.apache.catalina.core.ApplicationFilterChain.internalDoFilter(ApplicationFilterChain.java:193) ~[tomcat-embed-core-9.0.21.jar:9.0.21]
	at org.apache.catalina.core.ApplicationFilterChain.doFilter(ApplicationFilterChain.java:166) ~[tomcat-embed-core-9.0.21.jar:9.0.21]
	at org.springframework.web.filter.HiddenHttpMethodFilter.doFilterInternal(HiddenHttpMethodFilter.java:93) ~[spring-web-5.1.8.RELEASE.jar:5.1.8.RELEASE]
	at org.springframework.web.filter.OncePerRequestFilter.doFilter(OncePerRequestFilter.java:109) ~[spring-web-5.1.8.RELEASE.jar:5.1.8.RELEASE]
	at org.apache.catalina.core.ApplicationFilterChain.internalDoFilter(ApplicationFilterChain.java:193) ~[tomcat-embed-core-9.0.21.jar:9.0.21]
	at org.apache.catalina.core.ApplicationFilterChain.doFilter(ApplicationFilterChain.java:166) ~[tomcat-embed-core-9.0.21.jar:9.0.21]
	at org.springframework.web.filter.CharacterEncodingFilter.doFilterInternal(CharacterEncodingFilter.java:200) ~[spring-web-5.1.8.RELEASE.jar:5.1.8.RELEASE]
	at org.springframework.web.filter.OncePerRequestFilter.doFilter(OncePerRequestFilter.java:109) ~[spring-web-5.1.8.RELEASE.jar:5.1.8.RELEASE]
	at org.apache.catalina.core.ApplicationFilterChain.internalDoFilter(ApplicationFilterChain.java:193) ~[tomcat-embed-core-9.0.21.jar:9.0.21]
	at org.apache.catalina.core.ApplicationFilterChain.doFilter(ApplicationFilterChain.java:166) ~[tomcat-embed-core-9.0.21.jar:9.0.21]
	at org.apache.catalina.core.StandardWrapperValve.invoke(StandardWrapperValve.java:202) ~[tomcat-embed-core-9.0.21.jar:9.0.21]
	at org.apache.catalina.core.StandardContextValve.invoke(StandardContextValve.java:96) [tomcat-embed-core-9.0.21.jar:9.0.21]
	at org.apache.catalina.authenticator.AuthenticatorBase.invoke(AuthenticatorBase.java:490) [tomcat-embed-core-9.0.21.jar:9.0.21]
	at org.apache.catalina.core.StandardHostValve.invoke(StandardHostValve.java:139) [tomcat-embed-core-9.0.21.jar:9.0.21]
	at org.apache.catalina.valves.ErrorReportValve.invoke(ErrorReportValve.java:92) [tomcat-embed-core-9.0.21.jar:9.0.21]
	at org.apache.catalina.core.StandardEngineValve.invoke(StandardEngineValve.java:74) [tomcat-embed-core-9.0.21.jar:9.0.21]
	at org.apache.catalina.connector.CoyoteAdapter.service(CoyoteAdapter.java:343) [tomcat-embed-core-9.0.21.jar:9.0.21]
	at org.apache.coyote.http11.Http11Processor.service(Http11Processor.java:408) [tomcat-embed-core-9.0.21.jar:9.0.21]
	at org.apache.coyote.AbstractProcessorLight.process(AbstractProcessorLight.java:66) [tomcat-embed-core-9.0.21.jar:9.0.21]
	at org.apache.coyote.AbstractProtocol$ConnectionHandler.process(AbstractProtocol.java:853) [tomcat-embed-core-9.0.21.jar:9.0.21]
	at org.apache.tomcat.util.net.NioEndpoint$SocketProcessor.doRun(NioEndpoint.java:1587) [tomcat-embed-core-9.0.21.jar:9.0.21]
	at org.apache.tomcat.util.net.SocketProcessorBase.run(SocketProcessorBase.java:49) [tomcat-embed-core-9.0.21.jar:9.0.21]
	at java.util.concurrent.ThreadPoolExecutor.runWorker(ThreadPoolExecutor.java:1142) [na:1.8.0_101]
	at java.util.concurrent.ThreadPoolExecutor$Worker.run(ThreadPoolExecutor.java:617) [na:1.8.0_101]
	at org.apache.tomcat.util.threads.TaskThread$WrappingRunnable.run(TaskThread.java:61) [tomcat-embed-core-9.0.21.jar:9.0.21]
	at java.lang.Thread.run(Thread.java:745) [na:1.8.0_101]

2020-01-16 18:50:28.943 ERROR 24088 --- [http-nio-8081-exec-3] o.a.c.c.C.[.[.[/].[dispatcherServlet]    : Servlet.service() for servlet [dispatcherServlet] in context with path [] threw exception [Request processing failed; nested exception is java.lang.NullPointerException] with root cause

java.lang.NullPointerException: null
	at com.springboot.Service.ArticlsService.getTimeAxis(ArticlsService.java:243) ~[classes/:na]
	at com.springboot.controller.frontend.ActicleController.getTimeAxis(ActicleController.java:40) ~[classes/:na]
	at sun.reflect.NativeMethodAccessorImpl.invoke0(Native Method) ~[na:1.8.0_101]
	at sun.reflect.NativeMethodAccessorImpl.invoke(NativeMethodAccessorImpl.java:62) ~[na:1.8.0_101]
	at sun.reflect.DelegatingMethodAccessorImpl.invoke(DelegatingMethodAccessorImpl.java:43) ~[na:1.8.0_101]
	at java.lang.reflect.Method.invoke(Method.java:498) ~[na:1.8.0_101]
	at org.springframework.web.method.support.InvocableHandlerMethod.doInvoke(InvocableHandlerMethod.java:190) ~[spring-web-5.1.8.RELEASE.jar:5.1.8.RELEASE]
	at org.springframework.web.method.support.InvocableHandlerMethod.invokeForRequest(InvocableHandlerMethod.java:138) ~[spring-web-5.1.8.RELEASE.jar:5.1.8.RELEASE]
	at org.springframework.web.servlet.mvc.method.annotation.ServletInvocableHandlerMethod.invokeAndHandle(ServletInvocableHandlerMethod.java:104) ~[spring-webmvc-5.1.8.RELEASE.jar:5.1.8.RELEASE]
	at org.springframework.web.servlet.mvc.method.annotation.RequestMappingHandlerAdapter.invokeHandlerMethod(RequestMappingHandlerAdapter.java:892) ~[spring-webmvc-5.1.8.RELEASE.jar:5.1.8.RELEASE]
	at org.springframework.web.servlet.mvc.method.annotation.RequestMappingHandlerAdapter.handleInternal(RequestMappingHandlerAdapter.java:797) ~[spring-webmvc-5.1.8.RELEASE.jar:5.1.8.RELEASE]
	at org.springframework.web.servlet.mvc.method.AbstractHandlerMethodAdapter.handle(AbstractHandlerMethodAdapter.java:87) ~[spring-webmvc-5.1.8.RELEASE.jar:5.1.8.RELEASE]
	at org.springframework.web.servlet.DispatcherServlet.doDispatch(DispatcherServlet.java:1039) ~[spring-webmvc-5.1.8.RELEASE.jar:5.1.8.RELEASE]
	at org.springframework.web.servlet.DispatcherServlet.doService(DispatcherServlet.java:942) ~[spring-webmvc-5.1.8.RELEASE.jar:5.1.8.RELEASE]
	at org.springframework.web.servlet.FrameworkServlet.processRequest(FrameworkServlet.java:1005) ~[spring-webmvc-5.1.8.RELEASE.jar:5.1.8.RELEASE]
	at org.springframework.web.servlet.FrameworkServlet.doGet(FrameworkServlet.java:897) ~[spring-webmvc-5.1.8.RELEASE.jar:5.1.8.RELEASE]
	at javax.servlet.http.HttpServlet.service(HttpServlet.java:634) ~[tomcat-embed-core-9.0.21.jar:9.0.21]
	at org.springframework.web.servlet.FrameworkServlet.service(FrameworkServlet.java:882) ~[spring-webmvc-5.1.8.RELEASE.jar:5.1.8.RELEASE]
	at javax.servlet.http.HttpServlet.service(HttpServlet.java:741) ~[tomcat-embed-core-9.0.21.jar:9.0.21]
	at org.apache.catalina.core.ApplicationFilterChain.internalDoFilter(ApplicationFilterChain.java:231) ~[tomcat-embed-core-9.0.21.jar:9.0.21]
	at org.apache.catalina.core.ApplicationFilterChain.doFilter(ApplicationFilterChain.java:166) ~[tomcat-embed-core-9.0.21.jar:9.0.21]
	at org.apache.tomcat.websocket.server.WsFilter.doFilter(WsFilter.java:53) ~[tomcat-embed-websocket-9.0.21.jar:9.0.21]
	at org.apache.catalina.core.ApplicationFilterChain.internalDoFilter(ApplicationFilterChain.java:193) ~[tomcat-embed-core-9.0.21.jar:9.0.21]
	at org.apache.catalina.core.ApplicationFilterChain.doFilter(ApplicationFilterChain.java:166) ~[tomcat-embed-core-9.0.21.jar:9.0.21]
	at org.springframework.web.filter.RequestContextFilter.doFilterInternal(RequestContextFilter.java:99) ~[spring-web-5.1.8.RELEASE.jar:5.1.8.RELEASE]
	at org.springframework.web.filter.OncePerRequestFilter.doFilter(OncePerRequestFilter.java:109) ~[spring-web-5.1.8.RELEASE.jar:5.1.8.RELEASE]
	at org.apache.catalina.core.ApplicationFilterChain.internalDoFilter(ApplicationFilterChain.java:193) ~[tomcat-embed-core-9.0.21.jar:9.0.21]
	at org.apache.catalina.core.ApplicationFilterChain.doFilter(ApplicationFilterChain.java:166) ~[tomcat-embed-core-9.0.21.jar:9.0.21]
	at org.springframework.web.filter.FormContentFilter.doFilterInternal(FormContentFilter.java:92) ~[spring-web-5.1.8.RELEASE.jar:5.1.8.RELEASE]
	at org.springframework.web.filter.OncePerRequestFilter.doFilter(OncePerRequestFilter.java:109) ~[spring-web-5.1.8.RELEASE.jar:5.1.8.RELEASE]
	at org.apache.catalina.core.ApplicationFilterChain.internalDoFilter(ApplicationFilterChain.java:193) ~[tomcat-embed-core-9.0.21.jar:9.0.21]
	at org.apache.catalina.core.ApplicationFilterChain.doFilter(ApplicationFilterChain.java:166) ~[tomcat-embed-core-9.0.21.jar:9.0.21]
	at org.springframework.web.filter.HiddenHttpMethodFilter.doFilterInternal(HiddenHttpMethodFilter.java:93) ~[spring-web-5.1.8.RELEASE.jar:5.1.8.RELEASE]
	at org.springframework.web.filter.OncePerRequestFilter.doFilter(OncePerRequestFilter.java:109) ~[spring-web-5.1.8.RELEASE.jar:5.1.8.RELEASE]
	at org.apache.catalina.core.ApplicationFilterChain.internalDoFilter(ApplicationFilterChain.java:193) ~[tomcat-embed-core-9.0.21.jar:9.0.21]
	at org.apache.catalina.core.ApplicationFilterChain.doFilter(ApplicationFilterChain.java:166) ~[tomcat-embed-core-9.0.21.jar:9.0.21]
	at org.springframework.web.filter.CharacterEncodingFilter.doFilterInternal(CharacterEncodingFilter.java:200) ~[spring-web-5.1.8.RELEASE.jar:5.1.8.RELEASE]
	at org.springframework.web.filter.OncePerRequestFilter.doFilter(OncePerRequestFilter.java:109) ~[spring-web-5.1.8.RELEASE.jar:5.1.8.RELEASE]
	at org.apache.catalina.core.ApplicationFilterChain.internalDoFilter(ApplicationFilterChain.java:193) ~[tomcat-embed-core-9.0.21.jar:9.0.21]
	at org.apache.catalina.core.ApplicationFilterChain.doFilter(ApplicationFilterChain.java:166) ~[tomcat-embed-core-9.0.21.jar:9.0.21]
	at org.apache.catalina.core.StandardWrapperValve.invoke(StandardWrapperValve.java:202) ~[tomcat-embed-core-9.0.21.jar:9.0.21]
	at org.apache.catalina.core.StandardContextValve.invoke(StandardContextValve.java:96) [tomcat-embed-core-9.0.21.jar:9.0.21]
	at org.apache.catalina.authenticator.AuthenticatorBase.invoke(AuthenticatorBase.java:490) [tomcat-embed-core-9.0.21.jar:9.0.21]
	at org.apache.catalina.core.StandardHostValve.invoke(StandardHostValve.java:139) [tomcat-embed-core-9.0.21.jar:9.0.21]
	at org.apache.catalina.valves.ErrorReportValve.invoke(ErrorReportValve.java:92) [tomcat-embed-core-9.0.21.jar:9.0.21]
	at org.apache.catalina.core.StandardEngineValve.invoke(StandardEngineValve.java:74) [tomcat-embed-core-9.0.21.jar:9.0.21]
	at org.apache.catalina.connector.CoyoteAdapter.service(CoyoteAdapter.java:343) [tomcat-embed-core-9.0.21.jar:9.0.21]
	at org.apache.coyote.http11.Http11Processor.service(Http11Processor.java:408) [tomcat-embed-core-9.0.21.jar:9.0.21]
	at org.apache.coyote.AbstractProcessorLight.process(AbstractProcessorLight.java:66) [tomcat-embed-core-9.0.21.jar:9.0.21]
	at org.apache.coyote.AbstractProtocol$ConnectionHandler.process(AbstractProtocol.java:853) [tomcat-embed-core-9.0.21.jar:9.0.21]
	at org.apache.tomcat.util.net.NioEndpoint$SocketProcessor.doRun(NioEndpoint.java:1587) [tomcat-embed-core-9.0.21.jar:9.0.21]
	at org.apache.tomcat.util.net.SocketProcessorBase.run(SocketProcessorBase.java:49) [tomcat-embed-core-9.0.21.jar:9.0.21]
	at java.util.concurrent.ThreadPoolExecutor.runWorker(ThreadPoolExecutor.java:1142) [na:1.8.0_101]
	at java.util.concurrent.ThreadPoolExecutor$Worker.run(ThreadPoolExecutor.java:617) [na:1.8.0_101]
	at org.apache.tomcat.util.threads.TaskThread$WrappingRunnable.run(TaskThread.java:61) [tomcat-embed-core-9.0.21.jar:9.0.21]
	at java.lang.Thread.run(Thread.java:745) [na:1.8.0_101]

2020-01-16 18:51:05.449  INFO 18408 --- [main] com.springboot.demo.DemoApplication      : Starting DemoApplication on LAPTOP-IGH51578 with PID 18408 (started by zht in D:\项目\zhtblog\zhtblog-backend)
2020-01-16 18:51:05.455  INFO 18408 --- [main] com.springboot.demo.DemoApplication      : No active profile set, falling back to default profiles: default
2020-01-16 18:51:06.276  INFO 18408 --- [main] .s.d.r.c.RepositoryConfigurationDelegate : Multiple Spring Data modules found, entering strict repository configuration mode!
2020-01-16 18:51:06.279  INFO 18408 --- [main] .s.d.r.c.RepositoryConfigurationDelegate : Bootstrapping Spring Data repositories in DEFAULT mode.
2020-01-16 18:51:06.320  INFO 18408 --- [main] .s.d.r.c.RepositoryConfigurationDelegate : Finished Spring Data repository scanning in 20ms. Found 0 repository interfaces.
2020-01-16 18:51:06.872  INFO 18408 --- [main] trationDelegate$BeanPostProcessorChecker : Bean 'org.springframework.transaction.annotation.ProxyTransactionManagementConfiguration' of type [org.springframework.transaction.annotation.ProxyTransactionManagementConfiguration$$EnhancerBySpringCGLIB$$d0fbea5d] is not eligible for getting processed by all BeanPostProcessors (for example: not eligible for auto-proxying)
2020-01-16 18:51:06.913  INFO 18408 --- [main] trationDelegate$BeanPostProcessorChecker : Bean 'redisConfig' of type [com.springboot.RedisTemlateUtil.RedisConfig$$EnhancerBySpringCGLIB$$3140223c] is not eligible for getting processed by all BeanPostProcessors (for example: not eligible for auto-proxying)
2020-01-16 18:51:07.380  INFO 18408 --- [main] o.s.b.w.embedded.tomcat.TomcatWebServer  : Tomcat initialized with port(s): 8081 (http)
2020-01-16 18:51:07.419  INFO 18408 --- [main] o.apache.catalina.core.StandardService   : Starting service [Tomcat]
2020-01-16 18:51:07.419  INFO 18408 --- [main] org.apache.catalina.core.StandardEngine  : Starting Servlet engine: [Apache Tomcat/9.0.21]
2020-01-16 18:51:07.714  INFO 18408 --- [main] o.a.c.c.C.[Tomcat].[localhost].[/]       : Initializing Spring embedded WebApplicationContext
2020-01-16 18:51:07.715  INFO 18408 --- [main] o.s.web.context.ContextLoader            : Root WebApplicationContext: initialization completed in 2195 ms
2020-01-16 18:51:10.867  INFO 18408 --- [main] o.s.s.concurrent.ThreadPoolTaskExecutor  : Initializing ExecutorService 'applicationTaskExecutor'
2020-01-16 18:51:11.167  INFO 18408 --- [main] o.s.b.w.embedded.tomcat.TomcatWebServer  : Tomcat started on port(s): 8081 (http) with context path ''
2020-01-16 18:51:11.169  INFO 18408 --- [main] com.springboot.demo.DemoApplication      : Started DemoApplication in 6.301 seconds (JVM running for 7.831)
2020-01-16 18:51:14.333  INFO 18408 --- [http-nio-8081-exec-1] o.a.c.c.C.[Tomcat].[localhost].[/]       : Initializing Spring DispatcherServlet 'dispatcherServlet'
2020-01-16 18:51:14.333  INFO 18408 --- [http-nio-8081-exec-1] o.s.web.servlet.DispatcherServlet        : Initializing Servlet 'dispatcherServlet'
2020-01-16 18:51:14.342  INFO 18408 --- [http-nio-8081-exec-1] o.s.web.servlet.DispatcherServlet        : Completed initialization in 9 ms
2020-01-16 18:51:14.438  INFO 18408 --- [http-nio-8081-exec-1] io.lettuce.core.EpollProvider            : Starting without optional epoll library
2020-01-16 18:51:14.439  INFO 18408 --- [http-nio-8081-exec-1] io.lettuce.core.KqueueProvider           : Starting without optional kqueue library
2020-01-16 18:51:15.957  INFO 18408 --- [http-nio-8081-exec-1] com.zaxxer.hikari.HikariDataSource       : HikariPool-1 - Starting...
2020-01-16 18:51:16.474  INFO 18408 --- [http-nio-8081-exec-1] com.zaxxer.hikari.HikariDataSource       : HikariPool-1 - Start completed.
2020-01-16 18:51:16.549 ERROR 18408 --- [http-nio-8081-exec-1] o.a.c.c.C.[.[.[/].[dispatcherServlet]    : Servlet.service() for servlet [dispatcherServlet] in context with path [] threw exception [Request processing failed; nested exception is java.lang.NullPointerException] with root cause

java.lang.NullPointerException: null
	at com.springboot.Service.ArticlsService.getTimeAxis(ArticlsService.java:243) ~[classes/:na]
	at com.springboot.controller.frontend.ActicleController.getTimeAxis(ActicleController.java:40) ~[classes/:na]
	at sun.reflect.NativeMethodAccessorImpl.invoke0(Native Method) ~[na:1.8.0_101]
	at sun.reflect.NativeMethodAccessorImpl.invoke(NativeMethodAccessorImpl.java:62) ~[na:1.8.0_101]
	at sun.reflect.DelegatingMethodAccessorImpl.invoke(DelegatingMethodAccessorImpl.java:43) ~[na:1.8.0_101]
	at java.lang.reflect.Method.invoke(Method.java:498) ~[na:1.8.0_101]
	at org.springframework.web.method.support.InvocableHandlerMethod.doInvoke(InvocableHandlerMethod.java:190) ~[spring-web-5.1.8.RELEASE.jar:5.1.8.RELEASE]
	at org.springframework.web.method.support.InvocableHandlerMethod.invokeForRequest(InvocableHandlerMethod.java:138) ~[spring-web-5.1.8.RELEASE.jar:5.1.8.RELEASE]
	at org.springframework.web.servlet.mvc.method.annotation.ServletInvocableHandlerMethod.invokeAndHandle(ServletInvocableHandlerMethod.java:104) ~[spring-webmvc-5.1.8.RELEASE.jar:5.1.8.RELEASE]
	at org.springframework.web.servlet.mvc.method.annotation.RequestMappingHandlerAdapter.invokeHandlerMethod(RequestMappingHandlerAdapter.java:892) ~[spring-webmvc-5.1.8.RELEASE.jar:5.1.8.RELEASE]
	at org.springframework.web.servlet.mvc.method.annotation.RequestMappingHandlerAdapter.handleInternal(RequestMappingHandlerAdapter.java:797) ~[spring-webmvc-5.1.8.RELEASE.jar:5.1.8.RELEASE]
	at org.springframework.web.servlet.mvc.method.AbstractHandlerMethodAdapter.handle(AbstractHandlerMethodAdapter.java:87) ~[spring-webmvc-5.1.8.RELEASE.jar:5.1.8.RELEASE]
	at org.springframework.web.servlet.DispatcherServlet.doDispatch(DispatcherServlet.java:1039) ~[spring-webmvc-5.1.8.RELEASE.jar:5.1.8.RELEASE]
	at org.springframework.web.servlet.DispatcherServlet.doService(DispatcherServlet.java:942) ~[spring-webmvc-5.1.8.RELEASE.jar:5.1.8.RELEASE]
	at org.springframework.web.servlet.FrameworkServlet.processRequest(FrameworkServlet.java:1005) ~[spring-webmvc-5.1.8.RELEASE.jar:5.1.8.RELEASE]
	at org.springframework.web.servlet.FrameworkServlet.doGet(FrameworkServlet.java:897) ~[spring-webmvc-5.1.8.RELEASE.jar:5.1.8.RELEASE]
	at javax.servlet.http.HttpServlet.service(HttpServlet.java:634) ~[tomcat-embed-core-9.0.21.jar:9.0.21]
	at org.springframework.web.servlet.FrameworkServlet.service(FrameworkServlet.java:882) ~[spring-webmvc-5.1.8.RELEASE.jar:5.1.8.RELEASE]
	at javax.servlet.http.HttpServlet.service(HttpServlet.java:741) ~[tomcat-embed-core-9.0.21.jar:9.0.21]
	at org.apache.catalina.core.ApplicationFilterChain.internalDoFilter(ApplicationFilterChain.java:231) ~[tomcat-embed-core-9.0.21.jar:9.0.21]
	at org.apache.catalina.core.ApplicationFilterChain.doFilter(ApplicationFilterChain.java:166) ~[tomcat-embed-core-9.0.21.jar:9.0.21]
	at org.apache.tomcat.websocket.server.WsFilter.doFilter(WsFilter.java:53) ~[tomcat-embed-websocket-9.0.21.jar:9.0.21]
	at org.apache.catalina.core.ApplicationFilterChain.internalDoFilter(ApplicationFilterChain.java:193) ~[tomcat-embed-core-9.0.21.jar:9.0.21]
	at org.apache.catalina.core.ApplicationFilterChain.doFilter(ApplicationFilterChain.java:166) ~[tomcat-embed-core-9.0.21.jar:9.0.21]
	at org.springframework.web.filter.RequestContextFilter.doFilterInternal(RequestContextFilter.java:99) ~[spring-web-5.1.8.RELEASE.jar:5.1.8.RELEASE]
	at org.springframework.web.filter.OncePerRequestFilter.doFilter(OncePerRequestFilter.java:109) ~[spring-web-5.1.8.RELEASE.jar:5.1.8.RELEASE]
	at org.apache.catalina.core.ApplicationFilterChain.internalDoFilter(ApplicationFilterChain.java:193) ~[tomcat-embed-core-9.0.21.jar:9.0.21]
	at org.apache.catalina.core.ApplicationFilterChain.doFilter(ApplicationFilterChain.java:166) ~[tomcat-embed-core-9.0.21.jar:9.0.21]
	at org.springframework.web.filter.FormContentFilter.doFilterInternal(FormContentFilter.java:92) ~[spring-web-5.1.8.RELEASE.jar:5.1.8.RELEASE]
	at org.springframework.web.filter.OncePerRequestFilter.doFilter(OncePerRequestFilter.java:109) ~[spring-web-5.1.8.RELEASE.jar:5.1.8.RELEASE]
	at org.apache.catalina.core.ApplicationFilterChain.internalDoFilter(ApplicationFilterChain.java:193) ~[tomcat-embed-core-9.0.21.jar:9.0.21]
	at org.apache.catalina.core.ApplicationFilterChain.doFilter(ApplicationFilterChain.java:166) ~[tomcat-embed-core-9.0.21.jar:9.0.21]
	at org.springframework.web.filter.HiddenHttpMethodFilter.doFilterInternal(HiddenHttpMethodFilter.java:93) ~[spring-web-5.1.8.RELEASE.jar:5.1.8.RELEASE]
	at org.springframework.web.filter.OncePerRequestFilter.doFilter(OncePerRequestFilter.java:109) ~[spring-web-5.1.8.RELEASE.jar:5.1.8.RELEASE]
	at org.apache.catalina.core.ApplicationFilterChain.internalDoFilter(ApplicationFilterChain.java:193) ~[tomcat-embed-core-9.0.21.jar:9.0.21]
	at org.apache.catalina.core.ApplicationFilterChain.doFilter(ApplicationFilterChain.java:166) ~[tomcat-embed-core-9.0.21.jar:9.0.21]
	at org.springframework.web.filter.CharacterEncodingFilter.doFilterInternal(CharacterEncodingFilter.java:200) ~[spring-web-5.1.8.RELEASE.jar:5.1.8.RELEASE]
	at org.springframework.web.filter.OncePerRequestFilter.doFilter(OncePerRequestFilter.java:109) ~[spring-web-5.1.8.RELEASE.jar:5.1.8.RELEASE]
	at org.apache.catalina.core.ApplicationFilterChain.internalDoFilter(ApplicationFilterChain.java:193) ~[tomcat-embed-core-9.0.21.jar:9.0.21]
	at org.apache.catalina.core.ApplicationFilterChain.doFilter(ApplicationFilterChain.java:166) ~[tomcat-embed-core-9.0.21.jar:9.0.21]
	at org.apache.catalina.core.StandardWrapperValve.invoke(StandardWrapperValve.java:202) ~[tomcat-embed-core-9.0.21.jar:9.0.21]
	at org.apache.catalina.core.StandardContextValve.invoke(StandardContextValve.java:96) [tomcat-embed-core-9.0.21.jar:9.0.21]
	at org.apache.catalina.authenticator.AuthenticatorBase.invoke(AuthenticatorBase.java:490) [tomcat-embed-core-9.0.21.jar:9.0.21]
	at org.apache.catalina.core.StandardHostValve.invoke(StandardHostValve.java:139) [tomcat-embed-core-9.0.21.jar:9.0.21]
	at org.apache.catalina.valves.ErrorReportValve.invoke(ErrorReportValve.java:92) [tomcat-embed-core-9.0.21.jar:9.0.21]
	at org.apache.catalina.core.StandardEngineValve.invoke(StandardEngineValve.java:74) [tomcat-embed-core-9.0.21.jar:9.0.21]
	at org.apache.catalina.connector.CoyoteAdapter.service(CoyoteAdapter.java:343) [tomcat-embed-core-9.0.21.jar:9.0.21]
	at org.apache.coyote.http11.Http11Processor.service(Http11Processor.java:408) [tomcat-embed-core-9.0.21.jar:9.0.21]
	at org.apache.coyote.AbstractProcessorLight.process(AbstractProcessorLight.java:66) [tomcat-embed-core-9.0.21.jar:9.0.21]
	at org.apache.coyote.AbstractProtocol$ConnectionHandler.process(AbstractProtocol.java:853) [tomcat-embed-core-9.0.21.jar:9.0.21]
	at org.apache.tomcat.util.net.NioEndpoint$SocketProcessor.doRun(NioEndpoint.java:1587) [tomcat-embed-core-9.0.21.jar:9.0.21]
	at org.apache.tomcat.util.net.SocketProcessorBase.run(SocketProcessorBase.java:49) [tomcat-embed-core-9.0.21.jar:9.0.21]
	at java.util.concurrent.ThreadPoolExecutor.runWorker(ThreadPoolExecutor.java:1142) [na:1.8.0_101]
	at java.util.concurrent.ThreadPoolExecutor$Worker.run(ThreadPoolExecutor.java:617) [na:1.8.0_101]
	at org.apache.tomcat.util.threads.TaskThread$WrappingRunnable.run(TaskThread.java:61) [tomcat-embed-core-9.0.21.jar:9.0.21]
	at java.lang.Thread.run(Thread.java:745) [na:1.8.0_101]

2020-01-16 18:52:20.340  INFO 16612 --- [main] com.springboot.demo.DemoApplication      : Starting DemoApplication on LAPTOP-IGH51578 with PID 16612 (started by zht in D:\项目\zhtblog\zhtblog-backend)
2020-01-16 18:52:20.343  INFO 16612 --- [main] com.springboot.demo.DemoApplication      : No active profile set, falling back to default profiles: default
2020-01-16 18:52:21.011  INFO 16612 --- [main] .s.d.r.c.RepositoryConfigurationDelegate : Multiple Spring Data modules found, entering strict repository configuration mode!
2020-01-16 18:52:21.013  INFO 16612 --- [main] .s.d.r.c.RepositoryConfigurationDelegate : Bootstrapping Spring Data repositories in DEFAULT mode.
2020-01-16 18:52:21.034  INFO 16612 --- [main] .s.d.r.c.RepositoryConfigurationDelegate : Finished Spring Data repository scanning in 10ms. Found 0 repository interfaces.
2020-01-16 18:52:21.319  INFO 16612 --- [main] trationDelegate$BeanPostProcessorChecker : Bean 'org.springframework.transaction.annotation.ProxyTransactionManagementConfiguration' of type [org.springframework.transaction.annotation.ProxyTransactionManagementConfiguration$$EnhancerBySpringCGLIB$$bd0ee773] is not eligible for getting processed by all BeanPostProcessors (for example: not eligible for auto-proxying)
2020-01-16 18:52:21.373  INFO 16612 --- [main] trationDelegate$BeanPostProcessorChecker : Bean 'redisConfig' of type [com.springboot.RedisTemlateUtil.RedisConfig$$EnhancerBySpringCGLIB$$1d531f52] is not eligible for getting processed by all BeanPostProcessors (for example: not eligible for auto-proxying)
2020-01-16 18:52:21.852  INFO 16612 --- [main] o.s.b.w.embedded.tomcat.TomcatWebServer  : Tomcat initialized with port(s): 8081 (http)
2020-01-16 18:52:21.895  INFO 16612 --- [main] o.apache.catalina.core.StandardService   : Starting service [Tomcat]
2020-01-16 18:52:21.895  INFO 16612 --- [main] org.apache.catalina.core.StandardEngine  : Starting Servlet engine: [Apache Tomcat/9.0.21]
2020-01-16 18:52:22.242  INFO 16612 --- [main] o.a.c.c.C.[Tomcat].[localhost].[/]       : Initializing Spring embedded WebApplicationContext
2020-01-16 18:52:22.243  INFO 16612 --- [main] o.s.web.context.ContextLoader            : Root WebApplicationContext: initialization completed in 1842 ms
2020-01-16 18:52:24.844  INFO 16612 --- [main] o.s.s.concurrent.ThreadPoolTaskExecutor  : Initializing ExecutorService 'applicationTaskExecutor'
2020-01-16 18:52:25.104  INFO 16612 --- [main] o.s.b.w.embedded.tomcat.TomcatWebServer  : Tomcat started on port(s): 8081 (http) with context path ''
2020-01-16 18:52:25.106  INFO 16612 --- [main] com.springboot.demo.DemoApplication      : Started DemoApplication in 5.174 seconds (JVM running for 7.689)
2020-01-16 18:52:28.802  INFO 16612 --- [http-nio-8081-exec-1] o.a.c.c.C.[Tomcat].[localhost].[/]       : Initializing Spring DispatcherServlet 'dispatcherServlet'
2020-01-16 18:52:28.804  INFO 16612 --- [http-nio-8081-exec-1] o.s.web.servlet.DispatcherServlet        : Initializing Servlet 'dispatcherServlet'
2020-01-16 18:52:28.823  INFO 16612 --- [http-nio-8081-exec-1] o.s.web.servlet.DispatcherServlet        : Completed initialization in 18 ms
2020-01-16 18:52:29.052  INFO 16612 --- [http-nio-8081-exec-1] io.lettuce.core.EpollProvider            : Starting without optional epoll library
2020-01-16 18:52:29.059  INFO 16612 --- [http-nio-8081-exec-1] io.lettuce.core.KqueueProvider           : Starting without optional kqueue library
2020-01-16 18:52:31.196  INFO 16612 --- [http-nio-8081-exec-1] com.zaxxer.hikari.HikariDataSource       : HikariPool-1 - Starting...
2020-01-16 18:52:31.671  INFO 16612 --- [http-nio-8081-exec-1] com.zaxxer.hikari.HikariDataSource       : HikariPool-1 - Start completed.
2020-01-16 19:03:34.609  INFO 6024 --- [main] c.springboot.demo.DemoApplicationTests   : Starting DemoApplicationTests on LAPTOP-IGH51578 with PID 6024 (started by zht in D:\Ŀ\zhtblog\zhtblog-backend)
2020-01-16 19:03:34.611  INFO 6024 --- [main] c.springboot.demo.DemoApplicationTests   : No active profile set, falling back to default profiles: default
2020-01-16 19:03:36.872  INFO 6024 --- [main] .s.d.r.c.RepositoryConfigurationDelegate : Multiple Spring Data modules found, entering strict repository configuration mode!
2020-01-16 19:03:36.880  INFO 6024 --- [main] .s.d.r.c.RepositoryConfigurationDelegate : Bootstrapping Spring Data repositories in DEFAULT mode.
2020-01-16 19:03:36.969  INFO 6024 --- [main] .s.d.r.c.RepositoryConfigurationDelegate : Finished Spring Data repository scanning in 33ms. Found 0 repository interfaces.
2020-01-16 19:03:37.762  INFO 6024 --- [main] trationDelegate$BeanPostProcessorChecker : Bean 'org.springframework.transaction.annotation.ProxyTransactionManagementConfiguration' of type [org.springframework.transaction.annotation.ProxyTransactionManagementConfiguration$$EnhancerBySpringCGLIB$$cb3f6d22] is not eligible for getting processed by all BeanPostProcessors (for example: not eligible for auto-proxying)
2020-01-16 19:03:37.806  INFO 6024 --- [main] trationDelegate$BeanPostProcessorChecker : Bean 'redisConfig' of type [com.springboot.RedisTemlateUtil.RedisConfig$$EnhancerBySpringCGLIB$$2b83a501] is not eligible for getting processed by all BeanPostProcessors (for example: not eligible for auto-proxying)
2020-01-16 19:03:41.888  INFO 6024 --- [main] o.s.s.concurrent.ThreadPoolTaskExecutor  : Initializing ExecutorService 'applicationTaskExecutor'
2020-01-16 19:03:42.816  INFO 6024 --- [main] c.springboot.demo.DemoApplicationTests   : Started DemoApplicationTests in 8.672 seconds (JVM running for 10.006)
2020-01-16 19:03:43.447  INFO 6024 --- [Thread-2] o.s.s.concurrent.ThreadPoolTaskExecutor  : Shutting down ExecutorService 'applicationTaskExecutor'
